--------------------------------------------------------------------------------
CPU name:	Intel(R) Xeon(R) CPU E5-2670 0 @ 2.60GHz
CPU type:	Intel Xeon SandyBridge EN/EP processor
CPU clock:	2.59 GHz
--------------------------------------------------------------------------------
EG clássico:
0.00228906 ms
1.311004784689 2.244019138756 1.665071770335 3.416267942584 
0.000000000000 -0.000000000000 0.000000000000 0.000000000000 

GS clássico [ 14 iterações ]:
0.00310302 ms
1.311004784511 2.244019138640 1.665071770288 3.416267942572 
-0.000000000595 -0.000000000241 -0.000000000060 0.000000000000 

EG 3-diagonal:
0.00212312 ms
1.311004784689 2.244019138756 1.665071770335 3.416267942584 
0.000000000000 -0.750000000000 -1.800000000000 -0.750000000000 

GS 3-diagonal [ 14 iterações ]:
0.00202322 ms
1.311004784511 2.244019138640 1.665071770288 3.416267942572 
-0.000000000595 -0.000000000241 -0.000000000060 0.000000000000 
--------------------------------------------------------------------------------
Group 1: FLOPS_DP
+--------------------------------------+---------+--------+--------+--------+--------+
|                 Event                | Counter | Core 0 | Core 1 | Core 2 | Core 3 |
+--------------------------------------+---------+--------+--------+--------+--------+
|           INSTR_RETIRED_ANY          |  FIXC0  | 409187 |      0 |      0 |      0 |
|         CPU_CLK_UNHALTED_CORE        |  FIXC1  | 582462 |      0 |      0 |      0 |
|         CPU_CLK_UNHALTED_REF         |  FIXC2  | 734552 |      0 |      0 |      0 |
| FP_COMP_OPS_EXE_SSE_FP_PACKED_DOUBLE |   PMC0  |      0 |      0 |      0 |      0 |
| FP_COMP_OPS_EXE_SSE_FP_SCALAR_DOUBLE |   PMC1  |   1195 |      0 |      0 |      0 |
|       SIMD_FP_256_PACKED_DOUBLE      |   PMC2  |      0 |      0 |      0 |      0 |
+--------------------------------------+---------+--------+--------+--------+--------+

+-------------------------------------------+---------+--------+-----+--------+-------------+
|                   Event                   | Counter |   Sum  | Min |   Max  |     Avg     |
+-------------------------------------------+---------+--------+-----+--------+-------------+
|           INSTR_RETIRED_ANY STAT          |  FIXC0  | 409187 |   0 | 409187 | 102296.7500 |
|         CPU_CLK_UNHALTED_CORE STAT        |  FIXC1  | 582462 |   0 | 582462 | 145615.5000 |
|         CPU_CLK_UNHALTED_REF STAT         |  FIXC2  | 734552 |   0 | 734552 |      183638 |
| FP_COMP_OPS_EXE_SSE_FP_PACKED_DOUBLE STAT |   PMC0  |      0 |   0 |      0 |           0 |
| FP_COMP_OPS_EXE_SSE_FP_SCALAR_DOUBLE STAT |   PMC1  |   1195 |   0 |   1195 |    298.7500 |
|       SIMD_FP_256_PACKED_DOUBLE STAT      |   PMC2  |      0 |   0 |      0 |           0 |
+-------------------------------------------+---------+--------+-----+--------+-------------+

+----------------------+-----------+--------+--------+--------+
|        Metric        |   Core 0  | Core 1 | Core 2 | Core 3 |
+----------------------+-----------+--------+--------+--------+
|  Runtime (RDTSC) [s] |    0.0066 | 0.0066 | 0.0066 | 0.0066 |
| Runtime unhalted [s] |    0.0002 |      0 |      0 |      0 |
|      Clock [MHz]     | 2056.6706 |    -   |    -   |    -   |
|          CPI         |    1.4235 |    -   |    -   |    -   |
|      DP MFLOP/s      |    0.1806 |      0 |      0 |      0 |
|    AVX DP MFLOP/s    |         0 |      0 |      0 |      0 |
|    Packed MUOPS/s    |         0 |      0 |      0 |      0 |
|    Scalar MUOPS/s    |    0.1806 |      0 |      0 |      0 |
|  Vectorization ratio |         0 |    -   |    -   |    -   |
+----------------------+-----------+--------+--------+--------+

+---------------------------+-----------+-----------+-----------+----------+
|           Metric          |    Sum    |    Min    |    Max    |    Avg   |
+---------------------------+-----------+-----------+-----------+----------+
|  Runtime (RDTSC) [s] STAT |    0.0264 |    0.0066 |    0.0066 |   0.0066 |
| Runtime unhalted [s] STAT |    0.0002 |         0 |    0.0002 |   0.0001 |
|      Clock [MHz] STAT     | 2056.6706 | 2056.6706 | 2056.6706 | 514.1676 |
|          CPI STAT         |    1.4235 |    1.4235 |    1.4235 |   0.3559 |
|      DP MFLOP/s STAT      |    0.1806 |         0 |    0.1806 |   0.0452 |
|    AVX DP MFLOP/s STAT    |         0 |         0 |         0 |        0 |
|    Packed MUOPS/s STAT    |         0 |         0 |         0 |        0 |
|    Scalar MUOPS/s STAT    |    0.1806 |         0 |    0.1806 |   0.0452 |
|  Vectorization ratio STAT |         0 |         0 |         0 |        0 |
+---------------------------+-----------+-----------+-----------+----------+

