------------------------------Input 1------------------------------
EG clássico:
0.39282000 ms
1.311004784689 2.244019138756 1.665071770335 3.416267942584
0.000000000000 -0.000000000000 0.000000000000 0.000000000000

GS clássico [ 14 iterações ]:
0.37069600 ms
1.311004784511 2.244019138640 1.665071770288 3.416267942572
-0.000000000595 -0.000000000241 -0.000000000060 0.000000000000

EG 3-diagonal:
0.37463600 ms
1.311004784689 2.244019138756 1.665071770335 3.416267942584
0.000000000000 -0.750000000000 -1.800000000000 -0.750000000000

GS 3-diagonal [ 14 iterações ]:
0.37278600 ms
1.311004784511 2.244019138640 1.665071770288 3.416267942572
-0.000000000595 -0.000000000241 -0.000000000060 0.000000000000
Region EG_CLASSICO, Group 1: FLOPS_DP
|      DP MFLOP/s      |      34.8235 |
Region GS_CLASSICO, Group 1: FLOPS_DP
|      DP MFLOP/s      |     242.8565 |
Region EG_TRIDIAGONAL, Group 1: FLOPS_DP
|      DP MFLOP/s      |      27.7330 |
Region GS_TRIDIAGONAL, Group 1: FLOPS_DP
|      DP MFLOP/s      |     169.0088 |
------------------------------Input 2------------------------------
EG clássico:
0.39669500 ms
2.416666666667 2.583333333333 1.916666666667 4.083333333333
0.000000000000 0.000000000000 0.000000000000 0.000000000000

GS clássico [ 50 iterações ]:
0.37701000 ms
-20187172183660320457484255605895369362331915847171175350272.000000000000 -80069692851671092157250453697604434095666433379140968120320.000000000000 -20187172183660320457484255605895369362331915847171175350272.000000000000 -10093586091830160228742127802947684681165957923585587675136.000000000000
-279904427039363722138847003945971212274072333660131145285632.000000000000 9414590208859970556055559076970641327504727914041854394368.000000000000 9414590208859970556055559076970641327504727914041854394368.000000000000 -12.000000000000

EG 3-diagonal:
0.36836700 ms
1.200000000000 1.800000000000 1.546666666667 3.386666666667
-1.546666666667 -27.386666666667 -1.800000000000 -1.900000000000

GS 3-diagonal [ 50 iterações ]:
0.38366000 ms
760590360136937612750524252160.000000000000 -760590360136937612750524252160.000000000000 -187222242495246170774168403968.000000000000 -46805560623811542693542100992.000000000000
-3615729558189441892978452856832.000000000000 3849757361308499923105512161280.000000000000 58506950779764472347392737280.000000000000 -760590360136937612750524252160.000000000000
Region EG_CLASSICO, Group 1: FLOPS_DP
|      DP MFLOP/s      |      22.4447 |
Region GS_CLASSICO, Group 1: FLOPS_DP
|      DP MFLOP/s      |     281.2750 |
Region EG_TRIDIAGONAL, Group 1: FLOPS_DP
|      DP MFLOP/s      |      61.8963 |
Region GS_TRIDIAGONAL, Group 1: FLOPS_DP
|      DP MFLOP/s      |     370.3118 |
------------------------------Input 3------------------------------
EG clássico:
0.41444600 ms
2.416666666667 2.583333333333 1.916666666667 4.083333333333
0.000000000000 0.000000000000 0.000000000000 0.000000000000

GS clássico [ 2 iterações ]:
0.38398400 ms
-nan -nan -nan -nan
-nan -nan -nan -nan

EG 3-diagonal:
0.37874900 ms
-nan -nan -nan -nan
-nan -nan -nan -nan

GS 3-diagonal [ 2 iterações ]:
0.38473000 ms
inf inf inf inf
-nan -nan -nan -nan
Region EG_CLASSICO, Group 1: FLOPS_DP
|      DP MFLOP/s      |      27.4981 |
Region GS_CLASSICO, Group 1: FLOPS_DP
|      DP MFLOP/s      |      93.9400 |
Region EG_TRIDIAGONAL, Group 1: FLOPS_DP
|      DP MFLOP/s      |      57.7670 |
Region GS_TRIDIAGONAL, Group 1: FLOPS_DP
|      DP MFLOP/s      |      88.3031 |
------------------------------Input 4------------------------------
EG clássico:
0.39761900 ms
1.500000000000 2.000000000000 0.500000000000
0.000000000000 0.000000000000 0.000000000000

GS clássico [ 17 iterações ]:
0.38240100 ms
1.500000000141 2.000000000154 0.499999999997
0.000000000733 -0.000000000339 0.000000000000

EG 3-diagonal:
0.37784400 ms
1.441860465116 1.837209302326 0.232558139535
-0.232558139535 5.333333333333 0.308139534884

GS 3-diagonal [ 17 iterações ]:
0.37758500 ms
1.631578947555 1.552631579022 0.289473684196
-0.289473683487 1.631578947413 -1.631578947555
Region EG_CLASSICO, Group 1: FLOPS_DP
|      DP MFLOP/s      |      17.5584 |
Region GS_CLASSICO, Group 1: FLOPS_DP
|      DP MFLOP/s      |     182.0626 |
Region EG_TRIDIAGONAL, Group 1: FLOPS_DP
|      DP MFLOP/s      |      30.3955 |
Region GS_TRIDIAGONAL, Group 1: FLOPS_DP
|      DP MFLOP/s      |     201.7224 |
------------------------------Input 5------------------------------
EG clássico:
0.39487800 ms
1.000000000000 1.000000000000 0.000000000000
0.000000000000 0.000000000000 0.000000000000

GS clássico [ 24 iterações ]:
0.37734000 ms
0.999999999415 0.999999999639 0.000000000255
-0.000000001362 0.000000000711 0.000000000000

EG 3-diagonal:
0.37606200 ms
0.920000000000 0.840000000000 0.360000000000
0.360000000000 0.500000000000 2.840000000000

GS 3-diagonal [ 12 iterações ]:
0.37417300 ms
0.920000000496 0.840000000165 0.359999999972
0.360000001626 -0.000000000276 1.840000000992
Region EG_CLASSICO, Group 1: FLOPS_DP
|      DP MFLOP/s      |      16.6752 |
Region GS_CLASSICO, Group 1: FLOPS_DP
|      DP MFLOP/s      |     245.2599 |
Region EG_TRIDIAGONAL, Group 1: FLOPS_DP
|      DP MFLOP/s      |      36.6837 |
Region GS_TRIDIAGONAL, Group 1: FLOPS_DP
|      DP MFLOP/s      |     147.8771 |
------------------------------Input 6------------------------------
EG clássico:
0.39524700 ms
1.000000000000 1.000000000000 1.000000000000
0.000000000000 0.000000000000 0.000000000000

GS clássico [ 50 iterações ]:
0.38554400 ms
-2475329426724441768460462389559903060796703765907890317749796272337605484695039728934594682469498445028671840241716572559063175345714283126160621568.000000000000 24503235215163977339198619033474448544957377829986085333720681879953729481814167068327825127223105341516583582962697000850313491254403946414841266176.000000000000 -242557022724915350078415212013328287742701884190318093092382196228634813668158719525263081344005701924206811018538285252179971896300499274674246516736.000000000000
-2403542321460713983668303447557512037296782977495467865980776250380167137019180156484157007749547559299649845471814903909744368806198477177105778999296.000000000000 -242807081776995784745393683316024037389119294894375486298336346702384793084152768647536764655556305047109362136714898033463090109548723053781936242688.000000000000 -12.000000000000

EG 3-diagonal:
0.37142800 ms
5.684210526316 6.315789473684 -51.157894736842
-511.578947368421 120.000000000000 125.684210526316

GS 3-diagonal [ 50 iterações ]:
0.37525800 ms
32177034179765524297838544363224307811689231126707959232110526464.000000000000 -643540683595310509340797084558932847492741945994687499137131216896.000000000000 6435406835953105467552390002300475535070736635315328023290043170816.000000000000

63742704710115511871041384380516200770924084050979566019646765137920.000000000000 6113636494155450493490305827554369406431853543844324047660525813760.000000000000 32177034179765647063976080159069436921215179294481610330444136448.000000000000
Region EG_CLASSICO, Group 1: FLOPS_DP
|      DP MFLOP/s      |      17.6765 |
Region GS_CLASSICO, Group 1: FLOPS_DP
|      DP MFLOP/s      |     280.1925 |
Region EG_TRIDIAGONAL, Group 1: FLOPS_DP
|      DP MFLOP/s      |      32.6389 |
Region GS_TRIDIAGONAL, Group 1: FLOPS_DP
|      DP MFLOP/s      |     313.5481 |
------------------------------Input 7------------------------------
EG clássico:
0.46150900 ms
1.000000000000 -2.000000000000 1.000000000000
0.000000000000 0.000000000000 0.000000000000

GS clássico [ 11 iterações ]:
0.37674600 ms
0.999999999999 -2.000000000007 1.000000000002
-0.000000000025 -0.000000000035 0.000000000000

EG 3-diagonal:
0.37663300 ms
1.113333333333 -2.066666666667 1.220000000000
1.220000000000 0.700000000000 -3.210833333333

GS 3-diagonal [ 14 iterações ]:
0.37463800 ms
1.221951219376 -2.609756097438 1.382926829231
1.382926828113 -2.443902438584 2.443902438751
Region EG_CLASSICO, Group 1: FLOPS_DP
|      DP MFLOP/s      |      20.6846 |
Region GS_CLASSICO, Group 1: FLOPS_DP
|      DP MFLOP/s      |     168.7715 |
Region EG_TRIDIAGONAL, Group 1: FLOPS_DP
|      DP MFLOP/s      |      19.8565 |
Region GS_TRIDIAGONAL, Group 1: FLOPS_DP
|      DP MFLOP/s      |     166.8007 |
------------------------------Input 8------------------------------
EG clássico:
0.39386200 ms
1.000000000000 3.000000000000 -2.000000000000
0.000000000000 -0.000000000000 0.000000000000

GS clássico [ 14 iterações ]:
0.37310500 ms
0.999999999959 3.000000000028 -1.999999999994
-0.000000000169 -0.000000000005 0.000000000000

EG 3-diagonal:
0.37928200 ms
0.551724137931 3.241379310345 -1.620689655172
-1.620689655172 3.600000000000 9.949290060852

GS 3-diagonal [ 18 iterações ]:
0.37275300 ms
0.551724138122 3.241379310083 -1.620689655041
-1.620689654350 -0.000000000346 1.655172414365
Region EG_CLASSICO, Group 1: FLOPS_DP
|      DP MFLOP/s      |      23.5130 |
Region GS_CLASSICO, Group 1: FLOPS_DP
|      DP MFLOP/s      |     176.8080 |
Region EG_TRIDIAGONAL, Group 1: FLOPS_DP
|      DP MFLOP/s      |      19.2796 |
Region GS_TRIDIAGONAL, Group 1: FLOPS_DP
|      DP MFLOP/s      |     192.5143 |
------------------------------Input 9------------------------------
EG clássico:
0.40027100 ms
1.923349056604 -3.300707547170 -0.810141509434 -1.540094339623
0.000000000000 0.000000000000 0.000000000000 0.000000000000

GS clássico [ 14 iterações ]:
0.37569300 ms
1.923349056459 -3.300707547095 -0.810141509378 -1.540094339642
-0.000000000116 0.000000000036 0.000000000015 0.000000000000

EG 3-diagonal:
0.37431600 ms
1.743093922652 -3.086187845304 -0.687845303867 -2.362430939227
-0.167458563536 0.276243093923 1.879023941068 -1.001020645536

GS 3-diagonal [ 24 iterações ]:
0.38921100 ms
0.971556886493 -1.543113772250 1.883982035891 -2.876796407178
-0.476077843938 1.162080838589 1.291646706381 -0.365778443026
Region EG_CLASSICO, Group 1: FLOPS_DP
|      DP MFLOP/s      |      34.1969 |
Region GS_CLASSICO, Group 1: FLOPS_DP
|      DP MFLOP/s      |     248.1935 |
Region EG_TRIDIAGONAL, Group 1: FLOPS_DP
|      DP MFLOP/s      |      29.2469 |
Region GS_TRIDIAGONAL, Group 1: FLOPS_DP
|      DP MFLOP/s      |     278.3532 |
------------------------------Input 10------------------------------
EG clássico:
0.39477400 ms
9.000000000000 -3.000000000000 -2.000000000000
0.000000000000 0.000000000000 0.000000000000

GS clássico [ 50 iterações ]:
0.37609500 ms
8.999999176728 -2.999999623413 -1.999999725576
-0.000000446685 -0.000000102163 0.000000000000

EG 3-diagonal:
0.37812200 ms
4.500000000000 -0.000000000000 1.000000000000
3.000000000000 0.000000000000 4.500000000000

GS 3-diagonal [ 3 iterações ]:
0.37502400 ms
4.500000000000 -0.000000000000 1.000000000000
3.000000000000 0.000000000000 4.500000000000
Region EG_CLASSICO, Group 1: FLOPS_DP
|      DP MFLOP/s      |      18.0112 |
Region GS_CLASSICO, Group 1: FLOPS_DP
|      DP MFLOP/s      |     280.9137 |
Region EG_TRIDIAGONAL, Group 1: FLOPS_DP
|      DP MFLOP/s      |      28.6060 |
Region GS_TRIDIAGONAL, Group 1: FLOPS_DP
|      DP MFLOP/s      |      57.7881 |
------------------------------Input 11------------------------------
EG clássico:
0.40574000 ms
9.000000000000 -3.000000000000 -2.000000000000
0.000000000000 0.000000000000 0.000000000000

GS clássico [ 50 iterações ]:
0.38839800 ms
-445389507377.794006347656 148463169125.931335449219 247438615212.885589599609
296926338257.862731933594 98975446085.954254150391 0.000000000000

EG 3-diagonal:
0.38725000 ms
3.000000000000 1.500000000000 2.500000000000
7.500000000000 0.000000000000 5.000000000000

GS 3-diagonal [ 22 iterações ]:
0.48152100 ms
3.000000000000 3.750000000167 1.749999999944
5.249999999833 -3.000000000223 6.000000000000
Region EG_CLASSICO, Group 1: FLOPS_DP
|      DP MFLOP/s      |      16.7922 |
Region GS_CLASSICO, Group 1: FLOPS_DP
|      DP MFLOP/s      |     252.1582 |
Region EG_TRIDIAGONAL, Group 1: FLOPS_DP
|      DP MFLOP/s      |      30.5030 |
Region GS_TRIDIAGONAL, Group 1: FLOPS_DP
|      DP MFLOP/s      |     206.8630 |
------------------------------Input 12------------------------------
EG clássico:
0.39943300 ms
-2.000000000000 -3.000000000000 9.000000000000
0.000000000000 0.000000000000 -0.000000000000

GS clássico [ 50 iterações ]:
0.37806000 ms
-1.999999992943 -2.999999992943 8.999999985885
0.000000007057 -0.000000000000 0.000000000000

EG 3-diagonal:
0.37709100 ms
1.000000000000 -0.000000000000 4.500000000000
4.500000000000 1.000000000000 3.000000000000

GS 3-diagonal [ 1 iterações ]:
0.37721400 ms
1.000000000000 -0.000000000000 4.500000000000
4.500000000000 0.000000000000 3.000000000000
Region EG_CLASSICO, Group 1: FLOPS_DP
|      DP MFLOP/s      |      17.1256 |
Region GS_CLASSICO, Group 1: FLOPS_DP
|      DP MFLOP/s      |     259.0110 |
Region EG_TRIDIAGONAL, Group 1: FLOPS_DP
|      DP MFLOP/s      |      34.6814 |
Region GS_TRIDIAGONAL, Group 1: FLOPS_DP
|      DP MFLOP/s      |      33.8905 |
------------------------------Input 13------------------------------
EG clássico:
0.39579200 ms
1.000000000000 -1.000000000000 -0.000000000000
0.000000000000 0.000000000000 0.000000000000

GS clássico [ 17 iterações ]:
0.37802800 ms
0.999999999919 -0.999999999770 -0.000000000172
-0.000000000291 0.000000000436 0.000000000000

EG 3-diagonal:
0.54566400 ms
1.000000000000 -1.000000000000 0.000000000000
0.000000000000 0.600000000000 -6.000000000000

GS 3-diagonal [ 50 iterações ]:
0.38511800 ms
129.956035436835 -341.176259688358 255.132194766268
474.692047339994 -636.440548861970 0.000000000000
Region EG_CLASSICO, Group 1: FLOPS_DP
|      DP MFLOP/s      |      16.6963 |
Region GS_CLASSICO, Group 1: FLOPS_DP
|      DP MFLOP/s      |     215.6619 |
Region EG_TRIDIAGONAL, Group 1: FLOPS_DP
|      DP MFLOP/s      |      31.4986 |
Region GS_TRIDIAGONAL, Group 1: FLOPS_DP
|      DP MFLOP/s      |     285.1044 |
------------------------------Input 14------------------------------
EG clássico:
0.38587700 ms
1.000000000000 1.000000000000 -1.000000000000
0.000000000000 0.000000000000 0.000000000000

GS clássico [ 13 iterações ]:
0.36791500 ms
0.999999999920 1.000000000086 -1.000000000003
-0.000000000319 0.000000000100 0.000000000000

EG 3-diagonal:
0.36615000 ms
0.793103448276 1.034482758621 -0.517241379310
-0.517241379310 3.000000000000 5.026369168357

GS 3-diagonal [ 17 iterações ]:
0.37302600 ms
0.793103448497 1.034482758316 -0.517241379158
-0.517241378356 -0.000000000401 2.379310345492
Region EG_CLASSICO, Group 1: FLOPS_DP
|      DP MFLOP/s      |      18.6479 |
Region GS_CLASSICO, Group 1: FLOPS_DP
|      DP MFLOP/s      |     184.9247 |
Region EG_TRIDIAGONAL, Group 1: FLOPS_DP
|      DP MFLOP/s      |      19.8755 |
Region GS_TRIDIAGONAL, Group 1: FLOPS_DP
|      DP MFLOP/s      |     182.6161 |
------------------------------Input 15------------------------------
EG clássico:
0.51541900 ms
1.000000000000 -1.000000000000 -0.000000000000
0.000000000000 0.000000000000 0.000000000000

GS clássico [ 50 iterações ]:
0.38015100 ms
-6954931526629707066850493657921670348800.000000000000 19705639325450836487922095428339870203904.000000000000 -14779229494088126761478661763940315299840.000000000000
37382756955634667172956393560753402019840.000000000000 -24921837970423114672439781346180067229696.000000000000 6.000000000000

EG 3-diagonal:
0.37918000 ms
1.000000000000 -1.000000000000 0.000000000000
0.000000000000 -10.000000000000 -6.000000000000

GS 3-diagonal [ 50 iterações ]:
0.38497900 ms
-7513326277080063764669836096506255486346973937664.000000000000 24418310400510209182288289264205691029563788754944.000000000000 -18313732800382658184790431581861175404796923871232.000000000000
47427872124067908193553029381663456462795633065984.000000000000 -25357476185145214232205035850428431916952975310848.000000000000 6.000000000000
Region EG_CLASSICO, Group 1: FLOPS_DP
|      DP MFLOP/s      |      16.3104 |
Region GS_CLASSICO, Group 1: FLOPS_DP
|      DP MFLOP/s      |     271.5247 |
Region EG_TRIDIAGONAL, Group 1: FLOPS_DP
|      DP MFLOP/s      |      33.7947 |
Region GS_TRIDIAGONAL, Group 1: FLOPS_DP
|      DP MFLOP/s      |     303.8297 |
------------------------------Input 16------------------------------
EG clássico:
0.40888900 ms
1.015523389973 0.197818334382 2.882315921963
0.000000000000 0.000000000000 0.000000000000

GS clássico [ 14 iterações ]:
0.37121000 ms
1.015523389970 0.197818334445 2.882315921941
-0.000000000057 -0.000000001469 0.000000000000

EG 3-diagonal:
0.37456900 ms
1.880430107527 0.195698924731 2.781505376344
16.689032258065 1.900000000000 11.109118921521

GS 3-diagonal [ 13 iterações ]:
0.37922000 ms
1.947438752771 -0.474387527855 3.016035634749
18.096213808215 15.579510022614 3.894877505543
Region EG_CLASSICO, Group 1: FLOPS_DP
|      DP MFLOP/s      |      15.2946 |
Region GS_CLASSICO, Group 1: FLOPS_DP
|      DP MFLOP/s      |     185.1958 |
Region EG_TRIDIAGONAL, Group 1: FLOPS_DP
|      DP MFLOP/s      |      31.9945 |
Region GS_TRIDIAGONAL, Group 1: FLOPS_DP
|      DP MFLOP/s      |     160.3470 |
------------------------------Input 17------------------------------
EG clássico:
0.39131000 ms
2.510469436001 0.144208037825 2.101148260723
0.000000000000 0.000000000000 0.000000000000

GS clássico [ 14 iterações ]:
0.37055100 ms
2.510469435955 0.144208037833 2.101148260708
-0.000000000538 -0.000000000984 0.000000000000

EG 3-diagonal:
0.37260700 ms
3.777276995305 0.113615023474 1.620469483568
9.722816901408 3.800000000000 7.778106884822

GS 3-diagonal [ 9 iterações ]:
0.37371900 ms
3.834890371761 -0.174451858919 1.822116301243
10.932697807228 30.679122974810 7.669780743521
Region EG_CLASSICO, Group 1: FLOPS_DP
|      DP MFLOP/s      |      17.9426 |
Region GS_CLASSICO, Group 1: FLOPS_DP
|      DP MFLOP/s      |     189.8450 |
Region EG_TRIDIAGONAL, Group 1: FLOPS_DP
|      DP MFLOP/s      |      32.3713 |
Region GS_TRIDIAGONAL, Group 1: FLOPS_DP
|      DP MFLOP/s      |     123.3687 |
------------------------------Input 18------------------------------
EG clássico:
0.39387600 ms
1.000000000000 -2.000000000000 3.000000000000 -4.000000000000
0.000000000000 0.000000000000 0.000000000000 0.000000000000

GS clássico [ 50 iterações ]:
0.38295800 ms
53997190240265666560.000000000000 -171074876859781742592.000000000000 -47915101768217198592.000000000000 -58172526256064946176.000000000000
-155538679244663259136.000000000000 -557467589909847146496.000000000000 -377671238014381588480.000000000000 51.000000000000

EG 3-diagonal:
0.37360000 ms
-6.510526315789 -6.021052631579 2.402105263158 -3.898947368421
-12.288421052632 -45.191578947368 -93.063157894737 5.137343358396

GS 3-diagonal [ 50 iterações ]:
0.37716700 ms
142526609131174.062500000000 522597566814413.062500000000 174199188938146.593750000000 87099594469068.203125000000
720551190607722.750000000000 2486297514844291.000000000000 2335852760761310.000000000000 -1045195133628826.000000000000
Region EG_CLASSICO, Group 1: FLOPS_DP
|      DP MFLOP/s      |      28.8279 |
Region GS_CLASSICO, Group 1: FLOPS_DP
|      DP MFLOP/s      |     303.4381 |
Region EG_TRIDIAGONAL, Group 1: FLOPS_DP
|      DP MFLOP/s      |      59.8555 |
Region GS_TRIDIAGONAL, Group 1: FLOPS_DP
|      DP MFLOP/s      |     347.8583 |
------------------------------Input 19------------------------------
EG clássico:
0.39210100 ms
1.000000000000 -1.000000000000 2.000000000000
0.000000000000 0.000000000000 0.000000000000

GS clássico [ 50 iterações ]:
0.37938800 ms
-3139787.795782207977 456419.707645625342 -4186383.061042943969
-15431434.278972068802 -10599717.502576844767 0.000000000000

EG 3-diagonal:
0.39037100 ms
2.466666666667 -0.400000000000 0.666666666667
0.666666666667 3.000000000000 9.866666666667

GS 3-diagonal [ 3 iterações ]:
0.38177800 ms
4.111111111111 0.833333333333 0.666666666667
0.666666666667 4.111111111111 16.444444444444
Region EG_CLASSICO, Group 1: FLOPS_DP
|      DP MFLOP/s      |      18.1377 |
Region GS_CLASSICO, Group 1: FLOPS_DP
|      DP MFLOP/s      |     221.0082 |
Region EG_TRIDIAGONAL, Group 1: FLOPS_DP
|      DP MFLOP/s      |      33.7267 |
Region GS_TRIDIAGONAL, Group 1: FLOPS_DP
|      DP MFLOP/s      |      66.8687 |
------------------------------Input 20------------------------------
EG clássico:
0.41829700 ms
1.000000000000 1.000000000000 1.000000000000
0.000000000000 0.000000000000 0.000000000000

GS clássico [ 50 iterações ]:
0.38092800 ms
169833572895428562166346644212494058759115174913158308602441514485857193539584702712261399019520.000000000000 -41774412305301272721522375818688268863573475531763715393789098296978681500077842161251469230080.000000000000 -260913555649201852913405771432091204907862538994455214301042815693631319376805271389306613661696.000000000000
-13564768970084272465217995146989757273825620483788105950507316253115104622638619693816031758778368.000000000000 773061781541037063934638660260309939002508815609779796660525343975211553803196715944689065263104.000000000000 -38.000000000000

EG 3-diagonal:
0.37984700 ms
2357.705882352941 -575.176470588235 84.882352941176
4413.882352941177 1539.000000000002 50464.529411764714

GS 3-diagonal [ 9 iterações ]:
0.37822100 ms
55.900976292819 0.274755927429 2.675034867510
139.101813113063 1397.524407320740 1229.821478442013
Region EG_CLASSICO, Group 1: FLOPS_DP
|      DP MFLOP/s      |      17.2041 |
Region GS_CLASSICO, Group 1: FLOPS_DP
|      DP MFLOP/s      |     246.0113 |
Region EG_TRIDIAGONAL, Group 1: FLOPS_DP
|      DP MFLOP/s      |      30.1355 |
Region GS_TRIDIAGONAL, Group 1: FLOPS_DP
|      DP MFLOP/s      |     124.8156 |
------------------------------Input 21------------------------------
EG clássico:
0.39487400 ms
0.543933054393 3.066945606695 2.213389121339
-0.000000000000 0.000000000000 0.000000000000

GS clássico [ 9 iterações ]:
0.37906200 ms
0.543933054415 3.066945606691 2.213389121338
0.000000000021 -0.000000000002 0.000000000000

EG 3-diagonal:
0.38262900 ms
0.430366492147 3.078534031414 2.215706806283
-0.110785340314 0.120000000000 -0.570256410256

GS 3-diagonal [ 8 iterações ]:
0.53071800 ms
0.399029126225 3.203883495147 2.240776699029
-0.112038834939 0.119708737867 0.000000000000
Region EG_CLASSICO, Group 1: FLOPS_DP
|      DP MFLOP/s      |      23.1764 |
Region GS_CLASSICO, Group 1: FLOPS_DP
|      DP MFLOP/s      |     180.6516 |
Region EG_TRIDIAGONAL, Group 1: FLOPS_DP
|      DP MFLOP/s      |      17.9788 |
Region GS_TRIDIAGONAL, Group 1: FLOPS_DP
|      DP MFLOP/s      |      74.3570 |
------------------------------Input 22------------------------------
EG clássico:
0.39951300 ms
-1.000000000000 2.000000000000 1.000000000000
0.000000000000 0.000000000000 0.000000000000

GS clássico [ 9 iterações ]:
0.38032200 ms
-0.999999999997 1.999999999998 1.000000000000
0.000000000079 -0.000000000035 0.000000000000

EG 3-diagonal:
0.37965500 ms
-1.002040816327 2.020408163265 0.797959183673
0.000000000000 -1.600000000000 0.290785405071

GS 3-diagonal [ 7 iterações ]:
0.38603600 ms
-1.007179487227 2.071794871807 0.792820512819
-0.000000001377 1.007179487318 -6.043076923359
Region EG_CLASSICO, Group 1: FLOPS_DP
|      DP MFLOP/s      |      22.0311 |
Region GS_CLASSICO, Group 1: FLOPS_DP
|      DP MFLOP/s      |     167.9350 |
Region EG_TRIDIAGONAL, Group 1: FLOPS_DP
|      DP MFLOP/s      |      19.3820 |
Region GS_TRIDIAGONAL, Group 1: FLOPS_DP
|      DP MFLOP/s      |      91.7439 |
------------------------------Input 23------------------------------
EG clássico:
0.39106200 ms
2.000000000000 -3.000000000000 4.000000000000
0.000000000000 0.000000000000 0.000000000000

GS clássico [ 50 iterações ]:
0.37418700 ms
1.999997972338 -2.999998249916 3.999999731090
-0.000000546488 0.000000396865 0.000000000000

EG 3-diagonal:
0.37364500 ms
27.600000000000 -24.600000000000 8.400000000000
8.400000000000 3.000000000000 72.600000000000

GS 3-diagonal [ 50 iterações ]:
0.37722100 ms
93285233538662330793984.000000000000 -270527177262120766013440.000000000000 54105435452424153202688.000000000000
-123136508271034282016768.000000000000 -231347379175882588422144.000000000000 93285233538662397902848.000000000000
Region EG_CLASSICO, Group 1: FLOPS_DP
|      DP MFLOP/s      |      16.5810 |
Region GS_CLASSICO, Group 1: FLOPS_DP
|      DP MFLOP/s      |     276.3070 |
Region EG_TRIDIAGONAL, Group 1: FLOPS_DP
|      DP MFLOP/s      |      30.4891 |
Region GS_TRIDIAGONAL, Group 1: FLOPS_DP
|      DP MFLOP/s      |     319.8768 |
------------------------------Input 24------------------------------
EG clássico:
0.40877700 ms
-nan -nan -nan -nan -nan -nan -nan -nan -nan -nan -nan -nan -nan -nan -nan -nan -nan
-nan -nan -nan -nan -nan -nan -nan -nan -nan -nan -nan -nan -nan -nan -nan -nan -nan

GS clássico [ 1 iterações ]:
0.37407900 ms
-0.000000000000 -nan -nan -nan -nan -nan -nan -nan -nan -nan -nan -nan -nan -nan -nan -nan -nan
-nan -nan -nan -nan -nan -nan -nan -nan -nan -nan -nan -nan -nan -nan -nan -nan -nan

EG 3-diagonal:
0.37536100 ms
-nan -nan -nan -nan -nan -nan -nan -nan -nan -nan -nan -nan -nan -nan -nan -nan -nan
-nan -nan -nan -nan -nan -nan -nan -nan -nan -nan -nan -nan -nan -nan -nan -nan -nan

GS 3-diagonal [ 1 iterações ]:
0.37559100 ms
-0.000000000000 -nan -nan -nan -nan -nan -nan -nan -nan -nan -nan -nan -nan -nan -nan -nan -nan
-nan -nan -nan -nan -nan -nan -nan -nan -nan -nan -nan -nan -nan -nan -nan -nan -nan
Region EG_CLASSICO, Group 1: FLOPS_DP
|      DP MFLOP/s      |     248.4129 |
Region GS_CLASSICO, Group 1: FLOPS_DP
|      DP MFLOP/s      |     257.8450 |
Region EG_TRIDIAGONAL, Group 1: FLOPS_DP
|      DP MFLOP/s      |     124.7564 |
Region GS_TRIDIAGONAL, Group 1: FLOPS_DP
|      DP MFLOP/s      |     125.0389 |
------------------------------Input 25------------------------------
EG clássico:
0.39214300 ms
-0.250000000000 0.000000000000 -0.000000000000 0.500000000000
0.000000000000 0.000000000000 0.000000000000 0.000000000000

GS clássico [ 50 iterações ]:
0.37623500 ms
-1930692415992180992.000000000000 6116854707630281728.000000000000 1713224765654683648.000000000000 2079983324353398272.000000000000
5561351379116398592.000000000000 19932489879775019008.000000000000 13503795136899653632.000000000000 -5.000000000000

EG 3-diagonal:
0.36760300 ms
0.973684210526 -0.052631578947 -0.094736842105 0.452631578947
1.978947368421 7.621052631579 8.842105263158 -0.013784461153

GS 3-diagonal [ 50 iterações ]:
0.37944900 ms
-42099331901545.031250000000 -154364216972351.468750000000 -51454738990784.820312500000 -25727369495391.910156250000
-212835511280054.625000000000 -734399456504815.125000000000 -689961272830948.750000000000 308728433944702.875000000000
Region EG_CLASSICO, Group 1: FLOPS_DP
|      DP MFLOP/s      |      28.6642 |
Region GS_CLASSICO, Group 1: FLOPS_DP
|      DP MFLOP/s      |     281.9444 |
Region EG_TRIDIAGONAL, Group 1: FLOPS_DP
|      DP MFLOP/s      |      62.5679 |
Region GS_TRIDIAGONAL, Group 1: FLOPS_DP
|      DP MFLOP/s      |     346.4627 |
------------------------------Input 26------------------------------
EG clássico:
0.39465200 ms
0.119047619048 -1.880952380952 8.428571428571
0.000000000000 0.000000000000 0.000000000000

GS clássico [ 50 iterações ]:
0.37818800 ms
116404369079484367574981935104.000000000000 -667995575921418348723305447424.000000000000 -8746282236388728464642756575232.000000000000
-9176150889008710790186316857344.000000000000 -6640367222673075729630356307968.000000000000 -3.000000000000

EG 3-diagonal:
0.37668900 ms
-0.004761904762 0.423809523810 -2.085714285714
-2.085714285714 5.120000000000 9.614285714286

GS 3-diagonal [ 50 iterações ]:
0.37743100 ms
163870711377.016296386719 -1474836402392.796386718750 17698036828716.554687500000
14420622601175.980468750000 16387071137702.226562500000 23597382438290.347656250000
Region EG_CLASSICO, Group 1: FLOPS_DP
|      DP MFLOP/s      |      13.9520 |
Region GS_CLASSICO, Group 1: FLOPS_DP
|      DP MFLOP/s      |     254.0922 |
Region EG_TRIDIAGONAL, Group 1: FLOPS_DP
|      DP MFLOP/s      |      29.9740 |
Region GS_TRIDIAGONAL, Group 1: FLOPS_DP
|      DP MFLOP/s      |     305.0040 |
