/var/spool/slurmd/job13408/slurm_script rodando no host  wz11
SLURM_JOB_NAME:  roda-todos-slurm.sh
SLURM_NODELIST:  wz11
SLURM_JOB_NODELIST:  wz11
SLURM_JOB_CPUS_PER_NODE:  8
NTIMES = 10
MAX_THREADS = 8
EXP = A
gcc -O3 -pthread -c -o multi_partition.o multi_partition.c
gcc -O3 -pthread -c -o chrono.o chrono.c
gcc -O3 -pthread -c -o verifica_particoes.o verifica_particoes.c
gcc -O3 -pthread -o multi_partition multi_partition.o chrono.o verifica_particoes.o
Executando 10 vezes com configuração EXP=A e 1 threads:
15.476440
15.510472
15.530368
nao executado
nao executado
nao executado
nao executado
nao executado
nao executado
nao executado
Executando 10 vezes com configuração EXP=A e 2 threads:
11.196567
9.975079
11.636223
nao executado
nao executado
nao executado
nao executado
nao executado
nao executado
nao executado
Executando 10 vezes com configuração EXP=A e 3 threads:
9.052730
9.013314
9.063422
nao executado
nao executado
nao executado
nao executado
nao executado
nao executado
nao executado
Executando 10 vezes com configuração EXP=A e 4 threads:
7.028280
7.017937
7.018018
nao executado
nao executado
nao executado
nao executado
nao executado
nao executado
nao executado
Executando 10 vezes com configuração EXP=A e 5 threads:
5.876159
5.856578
5.871732
nao executado
nao executado
nao executado
nao executado
nao executado
nao executado
nao executado
Executando 10 vezes com configuração EXP=A e 6 threads:
4.987357
4.988148
5.002296
nao executado
nao executado
nao executado
nao executado
nao executado
nao executado
nao executado
Executando 10 vezes com configuração EXP=A e 7 threads:
4.431877
4.444892
4.440485
nao executado
nao executado
nao executado
nao executado
nao executado
nao executado
nao executado
Executando 10 vezes com configuração EXP=A e 8 threads:
3.964100
3.966417
slurmstepd-wz11: error: *** JOB 13408 ON wz11 CANCELLED AT 2024-12-01T20:35:32 DUE TO TIME LIMIT ***
